2025-09-06 14:23:18 | INFO | Updated author counts: {'Eve': 43, 'Alice': 67, 'Charlie': 37, 'Diana': 73, 'Bob': 47}
2025-09-06 14:23:19 | INFO | Processed JSON message: {'message': 'Have a great day!', 'author': 'Diana'}
2025-09-06 14:23:19 | INFO | Message received from author: Diana
2025-09-06 14:23:19 | INFO | Updated author counts: {'Eve': 43, 'Alice': 67, 'Charlie': 37, 'Diana': 74, 'Bob': 47}
2025-09-06 14:23:20 | INFO | Processed JSON message: {'message': 'Buzz messages for everyone.', 'author': 'Charlie'}
2025-09-06 14:23:20 | INFO | Message received from author: Charlie
2025-09-06 14:23:20 | INFO | Updated author counts: {'Eve': 43, 'Alice': 67, 'Charlie': 38, 'Diana': 74, 'Bob': 47}
2025-09-06 14:23:21 | INFO | Processed JSON message: {'message': 'This is a buzz message.', 'author': 'Charlie'}
2025-09-06 14:23:21 | INFO | Message received from author: Charlie
2025-09-06 14:23:21 | INFO | Updated author counts: {'Eve': 43, 'Alice': 67, 'Charlie': 39, 'Diana': 74, 'Bob': 47}
2025-09-06 14:23:22 | INFO | Processed JSON message: {'message': 'Streaming data is fun.', 'author': 'Alice'}
2025-09-06 14:23:22 | INFO | Message received from author: Alice
2025-09-06 14:23:22 | INFO | Updated author counts: {'Eve': 43, 'Alice': 68, 'Charlie': 39, 'Diana': 74, 'Bob': 47}
2025-09-06 14:23:23 | INFO | Processed JSON message: {'message': 'Hello, Kafka world!', 'author': 'Diana'}
2025-09-06 14:23:23 | INFO | Message received from author: Diana
2025-09-06 14:23:23 | INFO | Updated author counts: {'Eve': 43, 'Alice': 68, 'Charlie': 39, 'Diana': 75, 'Bob': 47}
2025-09-06 14:23:24 | INFO | Processed JSON message: {'message': 'Kafka is awesome.', 'author': 'Bob'}
2025-09-06 14:23:24 | INFO | Message received from author: Bob
2025-09-06 14:23:24 | INFO | Updated author counts: {'Eve': 43, 'Alice': 68, 'Charlie': 39, 'Diana': 75, 'Bob': 48}
2025-09-06 14:23:25 | INFO | Processed JSON message: {'message': 'I love Python!', 'author': 'Eve'}
2025-09-06 14:23:25 | INFO | Message received from author: Eve
2025-09-06 14:23:25 | INFO | Updated author counts: {'Eve': 44, 'Alice': 68, 'Charlie': 39, 'Diana': 75, 'Bob': 48}
2025-09-06 14:23:28 | INFO | Processed JSON message: {'message': 'JSON makes life easier.', 'author': 'Charlie'}
2025-09-06 14:23:28 | INFO | Message received from author: Charlie
2025-09-06 14:23:28 | INFO | Updated author counts: {'Eve': 44, 'Alice': 68, 'Charlie': 40, 'Diana': 75, 'Bob': 48}
2025-09-06 14:23:29 | INFO | Processed JSON message: {'message': 'I love Python!', 'author': 'Charlie'}
2025-09-06 14:23:29 | INFO | Message received from author: Charlie
2025-09-06 14:23:29 | INFO | Updated author counts: {'Eve': 44, 'Alice': 68, 'Charlie': 41, 'Diana': 75, 'Bob': 48}
2025-09-06 14:23:30 | INFO | Processed JSON message: {'message': 'I love Python!', 'author': 'Charlie'}
2025-09-06 14:23:30 | INFO | Message received from author: Charlie
2025-09-06 14:23:30 | INFO | Updated author counts: {'Eve': 44, 'Alice': 68, 'Charlie': 42, 'Diana': 75, 'Bob': 48}
2025-09-06 14:23:31 | INFO | Processed JSON message: {'message': 'I love Python!', 'author': 'Diana'}
2025-09-06 14:23:31 | INFO | Message received from author: Diana
2025-09-06 14:23:31 | INFO | Updated author counts: {'Eve': 44, 'Alice': 68, 'Charlie': 42, 'Diana': 76, 'Bob': 48}
2025-09-06 14:23:32 | INFO | Processed JSON message: {'message': 'Streaming data is fun.', 'author': 'Diana'}
2025-09-06 14:23:32 | INFO | Message received from author: Diana
2025-09-06 14:23:32 | INFO | Updated author counts: {'Eve': 44, 'Alice': 68, 'Charlie': 42, 'Diana': 77, 'Bob': 48}
2025-09-06 14:23:33 | INFO | Processed JSON message: {'message': 'Data engineering is my passion.', 'author': 'Eve'}
2025-09-06 14:23:33 | INFO | Message received from author: Eve
2025-09-06 14:23:33 | INFO | Updated author counts: {'Eve': 45, 'Alice': 68, 'Charlie': 42, 'Diana': 77, 'Bob': 48}
2025-09-06 14:23:34 | INFO | Processed JSON message: {'message': 'Buzz messages for everyone.', 'author': 'Eve'}
2025-09-06 14:23:34 | INFO | Message received from author: Eve
2025-09-06 14:23:34 | INFO | Updated author counts: {'Eve': 46, 'Alice': 68, 'Charlie': 42, 'Diana': 77, 'Bob': 48}
2025-09-06 14:23:35 | INFO | Processed JSON message: {'message': 'JSON makes life easier.', 'author': 'Eve'}
2025-09-06 14:23:35 | INFO | Message received from author: Eve
2025-09-06 14:23:35 | INFO | Updated author counts: {'Eve': 47, 'Alice': 68, 'Charlie': 42, 'Diana': 77, 'Bob': 48}
2025-09-06 14:23:36 | INFO | Processed JSON message: {'message': 'Have a great day!', 'author': 'Alice'}
2025-09-06 14:23:36 | INFO | Message received from author: Alice
2025-09-06 14:23:36 | INFO | Updated author counts: {'Eve': 47, 'Alice': 69, 'Charlie': 42, 'Diana': 77, 'Bob': 48}
2025-09-06 14:23:37 | INFO | Processed JSON message: {'message': 'I love Python!', 'author': 'Bob'}
2025-09-06 14:23:37 | INFO | Message received from author: Bob
2025-09-06 14:23:37 | INFO | Updated author counts: {'Eve': 47, 'Alice': 69, 'Charlie': 42, 'Diana': 77, 'Bob': 49}
2025-09-06 14:23:38 | INFO | Processed JSON message: {'message': 'I love Python!', 'author': 'Bob'}
2025-09-06 14:23:38 | INFO | Message received from author: Bob
2025-09-06 14:23:38 | INFO | Updated author counts: {'Eve': 47, 'Alice': 69, 'Charlie': 42, 'Diana': 77, 'Bob': 50}
2025-09-06 14:23:39 | INFO | Processed JSON message: {'message': 'This is a buzz message.', 'author': 'Eve'}
2025-09-06 14:23:39 | INFO | Message received from author: Eve
2025-09-06 14:23:39 | INFO | Updated author counts: {'Eve': 48, 'Alice': 69, 'Charlie': 42, 'Diana': 77, 'Bob': 50}
2025-09-06 14:23:40 | INFO | Processed JSON message: {'message': 'This is a buzz message.', 'author': 'Alice'}
2025-09-06 14:23:40 | INFO | Message received from author: Alice
2025-09-06 14:23:40 | INFO | Updated author counts: {'Eve': 48, 'Alice': 70, 'Charlie': 42, 'Diana': 77, 'Bob': 50}
2025-09-06 14:23:41 | INFO | Processed JSON message: {'message': 'Distributed systems are fascinating.', 'author': 'Diana'}
2025-09-06 14:23:41 | INFO | Message received from author: Diana
2025-09-06 14:23:41 | INFO | Updated author counts: {'Eve': 48, 'Alice': 70, 'Charlie': 42, 'Diana': 78, 'Bob': 50}
2025-09-06 14:23:42 | INFO | Processed JSON message: {'message': 'Streaming data is fun.', 'author': 'Eve'}
2025-09-06 14:23:42 | INFO | Message received from author: Eve
2025-09-06 14:23:42 | INFO | Updated author counts: {'Eve': 49, 'Alice': 70, 'Charlie': 42, 'Diana': 78, 'Bob': 50}
2025-09-06 14:23:43 | INFO | Processed JSON message: {'message': 'Have a great day!', 'author': 'Charlie'}
2025-09-06 14:23:43 | INFO | Message received from author: Charlie
2025-09-06 14:23:43 | INFO | Updated author counts: {'Eve': 49, 'Alice': 70, 'Charlie': 43, 'Diana': 78, 'Bob': 50}
2025-09-06 14:23:44 | INFO | Processed JSON message: {'message': 'JSON makes life easier.', 'author': 'Eve'}
2025-09-06 14:23:44 | INFO | Message received from author: Eve
2025-09-06 14:23:44 | INFO | Updated author counts: {'Eve': 50, 'Alice': 70, 'Charlie': 43, 'Diana': 78, 'Bob': 50}
2025-09-06 14:23:45 | INFO | Processed JSON message: {'message': 'Buzz messages for everyone.', 'author': 'Diana'}
2025-09-06 14:23:45 | INFO | Message received from author: Diana
2025-09-06 14:23:45 | INFO | Updated author counts: {'Eve': 50, 'Alice': 70, 'Charlie': 43, 'Diana': 79, 'Bob': 50}
2025-09-06 14:23:46 | INFO | Processed JSON message: {'message': 'This is a buzz message.', 'author': 'Charlie'}
2025-09-06 14:23:46 | INFO | Message received from author: Charlie
2025-09-06 14:23:46 | INFO | Updated author counts: {'Eve': 50, 'Alice': 70, 'Charlie': 44, 'Diana': 79, 'Bob': 50}
2025-09-06 14:23:47 | INFO | Processed JSON message: {'message': 'Distributed systems are fascinating.', 'author': 'Charlie'}
2025-09-06 14:23:47 | INFO | Message received from author: Charlie
2025-09-06 14:23:47 | INFO | Updated author counts: {'Eve': 50, 'Alice': 70, 'Charlie': 45, 'Diana': 79, 'Bob': 50}
2025-09-06 14:23:48 | INFO | Processed JSON message: {'message': 'Buzz messages for everyone.', 'author': 'Bob'}
2025-09-06 14:23:48 | INFO | Message received from author: Bob
2025-09-06 14:23:48 | INFO | Updated author counts: {'Eve': 50, 'Alice': 70, 'Charlie': 45, 'Diana': 79, 'Bob': 51}
2025-09-06 14:23:49 | INFO | Processed JSON message: {'message': 'This is a buzz message.', 'author': 'Eve'}
2025-09-06 14:23:49 | INFO | Message received from author: Eve
2025-09-06 14:23:49 | INFO | Updated author counts: {'Eve': 51, 'Alice': 70, 'Charlie': 45, 'Diana': 79, 'Bob': 51}
2025-09-06 14:23:50 | INFO | Processed JSON message: {'message': 'Data engineering is my passion.', 'author': 'Diana'}
2025-09-06 14:23:50 | INFO | Message received from author: Diana
2025-09-06 14:23:50 | INFO | Updated author counts: {'Eve': 51, 'Alice': 70, 'Charlie': 45, 'Diana': 80, 'Bob': 51}
2025-09-06 14:23:51 | INFO | Processed JSON message: {'message': 'Data engineering is my passion.', 'author': 'Alice'}
2025-09-06 14:23:51 | INFO | Message received from author: Alice
2025-09-06 14:23:51 | INFO | Updated author counts: {'Eve': 51, 'Alice': 71, 'Charlie': 45, 'Diana': 80, 'Bob': 51}
2025-09-06 14:23:52 | INFO | Processed JSON message: {'message': 'Buzz messages for everyone.', 'author': 'Diana'}
2025-09-06 14:23:52 | INFO | Message received from author: Diana
2025-09-06 14:23:52 | INFO | Updated author counts: {'Eve': 51, 'Alice': 71, 'Charlie': 45, 'Diana': 81, 'Bob': 51}
2025-09-06 14:23:53 | INFO | Processed JSON message: {'message': 'JSON makes life easier.', 'author': 'Alice'}
2025-09-06 14:23:53 | INFO | Message received from author: Alice
2025-09-06 14:23:53 | INFO | Updated author counts: {'Eve': 51, 'Alice': 72, 'Charlie': 45, 'Diana': 81, 'Bob': 51}
2025-09-06 14:23:54 | INFO | Processed JSON message: {'message': 'Data engineering is my passion.', 'author': 'Eve'}
2025-09-06 14:23:54 | INFO | Message received from author: Eve
2025-09-06 14:23:54 | INFO | Updated author counts: {'Eve': 52, 'Alice': 72, 'Charlie': 45, 'Diana': 81, 'Bob': 51}
2025-09-06 14:23:55 | INFO | Processed JSON message: {'message': 'Distributed systems are fascinating.', 'author': 'Alice'}
2025-09-06 14:23:55 | INFO | Message received from author: Alice
2025-09-06 14:23:55 | INFO | Updated author counts: {'Eve': 52, 'Alice': 73, 'Charlie': 45, 'Diana': 81, 'Bob': 51}
2025-09-06 14:23:56 | INFO | Processed JSON message: {'message': 'Have a great day!', 'author': 'Charlie'}
2025-09-06 14:23:56 | INFO | Message received from author: Charlie
2025-09-06 14:23:56 | INFO | Updated author counts: {'Eve': 52, 'Alice': 73, 'Charlie': 46, 'Diana': 81, 'Bob': 51}
2025-09-06 14:23:57 | INFO | Processed JSON message: {'message': 'Data engineering is my passion.', 'author': 'Alice'}
2025-09-06 14:23:57 | INFO | Message received from author: Alice
2025-09-06 14:23:57 | INFO | Updated author counts: {'Eve': 52, 'Alice': 74, 'Charlie': 46, 'Diana': 81, 'Bob': 51}
2025-09-06 14:23:58 | INFO | Processed JSON message: {'message': 'Distributed systems are fascinating.', 'author': 'Diana'}
2025-09-06 14:23:58 | INFO | Message received from author: Diana
2025-09-06 14:23:58 | INFO | Updated author counts: {'Eve': 52, 'Alice': 74, 'Charlie': 46, 'Diana': 82, 'Bob': 51}
2025-09-06 14:23:59 | INFO | Processed JSON message: {'message': 'Buzz messages for everyone.', 'author': 'Alice'}
2025-09-06 14:23:59 | INFO | Message received from author: Alice
2025-09-06 14:23:59 | INFO | Updated author counts: {'Eve': 52, 'Alice': 75, 'Charlie': 46, 'Diana': 82, 'Bob': 51}
2025-09-06 14:24:01 | INFO | Processed JSON message: {'message': 'Hello, Kafka world!', 'author': 'Diana'}
2025-09-06 14:24:01 | INFO | Message received from author: Diana
2025-09-06 14:24:01 | INFO | Updated author counts: {'Eve': 52, 'Alice': 75, 'Charlie': 46, 'Diana': 83, 'Bob': 51}
2025-09-06 14:24:02 | INFO | Processed JSON message: {'message': 'This is a buzz message.', 'author': 'Eve'}
2025-09-06 14:24:02 | INFO | Message received from author: Eve
2025-09-06 14:24:02 | INFO | Updated author counts: {'Eve': 53, 'Alice': 75, 'Charlie': 46, 'Diana': 83, 'Bob': 51}
2025-09-06 14:24:03 | INFO | Processed JSON message: {'message': 'JSON makes life easier.', 'author': 'Eve'}
2025-09-06 14:24:03 | INFO | Message received from author: Eve
2025-09-06 14:24:03 | INFO | Updated author counts: {'Eve': 54, 'Alice': 75, 'Charlie': 46, 'Diana': 83, 'Bob': 51}
2025-09-06 14:24:04 | INFO | Processed JSON message: {'message': 'JSON makes life easier.', 'author': 'Alice'}
2025-09-06 14:24:04 | INFO | Message received from author: Alice
2025-09-06 14:24:04 | INFO | Updated author counts: {'Eve': 54, 'Alice': 76, 'Charlie': 46, 'Diana': 83, 'Bob': 51}
2025-09-06 14:24:05 | INFO | Processed JSON message: {'message': 'Data engineering is my passion.', 'author': 'Diana'}
2025-09-06 14:24:05 | INFO | Message received from author: Diana
2025-09-06 14:24:05 | INFO | Updated author counts: {'Eve': 54, 'Alice': 76, 'Charlie': 46, 'Diana': 84, 'Bob': 51}
2025-09-06 14:24:06 | INFO | Processed JSON message: {'message': 'JSON makes life easier.', 'author': 'Diana'}
2025-09-06 14:24:06 | INFO | Message received from author: Diana
2025-09-06 14:24:06 | INFO | Updated author counts: {'Eve': 54, 'Alice': 76, 'Charlie': 46, 'Diana': 85, 'Bob': 51}
2025-09-06 14:24:07 | INFO | Processed JSON message: {'message': 'Kafka is awesome.', 'author': 'Charlie'}
2025-09-06 14:24:07 | INFO | Message received from author: Charlie
2025-09-06 14:24:07 | INFO | Updated author counts: {'Eve': 54, 'Alice': 76, 'Charlie': 47, 'Diana': 85, 'Bob': 51}
2025-09-06 14:24:08 | INFO | Processed JSON message: {'message': 'JSON makes life easier.', 'author': 'Bob'}
2025-09-06 14:24:08 | INFO | Message received from author: Bob
2025-09-06 14:24:08 | INFO | Updated author counts: {'Eve': 54, 'Alice': 76, 'Charlie': 47, 'Diana': 85, 'Bob': 52}
2025-09-06 14:24:09 | INFO | Processed JSON message: {'message': 'I love Python!', 'author': 'Bob'}
2025-09-06 14:24:09 | INFO | Message received from author: Bob
2025-09-06 14:24:09 | INFO | Updated author counts: {'Eve': 54, 'Alice': 76, 'Charlie': 47, 'Diana': 85, 'Bob': 53}
2025-09-06 14:24:10 | INFO | Processed JSON message: {'message': 'This is a buzz message.', 'author': 'Eve'}
2025-09-06 14:24:10 | INFO | Message received from author: Eve
2025-09-06 14:24:10 | INFO | Updated author counts: {'Eve': 55, 'Alice': 76, 'Charlie': 47, 'Diana': 85, 'Bob': 53}
2025-09-06 14:24:11 | INFO | Processed JSON message: {'message': 'I love Python!', 'author': 'Eve'}
2025-09-06 14:24:11 | INFO | Message received from author: Eve
2025-09-06 14:24:11 | INFO | Updated author counts: {'Eve': 56, 'Alice': 76, 'Charlie': 47, 'Diana': 85, 'Bob': 53}
2025-09-06 14:24:12 | INFO | Processed JSON message: {'message': 'Buzz messages for everyone.', 'author': 'Alice'}
2025-09-06 14:24:12 | INFO | Message received from author: Alice
2025-09-06 14:24:12 | INFO | Updated author counts: {'Eve': 56, 'Alice': 77, 'Charlie': 47, 'Diana': 85, 'Bob': 53}
2025-09-06 14:24:13 | INFO | Processed JSON message: {'message': 'This is a buzz message.', 'author': 'Alice'}
2025-09-06 14:24:13 | INFO | Message received from author: Alice
2025-09-06 14:24:13 | INFO | Updated author counts: {'Eve': 56, 'Alice': 78, 'Charlie': 47, 'Diana': 85, 'Bob': 53}
2025-09-06 14:24:14 | INFO | Processed JSON message: {'message': 'Data engineering is my passion.', 'author': 'Diana'}
2025-09-06 14:24:14 | INFO | Message received from author: Diana
2025-09-06 14:24:14 | INFO | Updated author counts: {'Eve': 56, 'Alice': 78, 'Charlie': 47, 'Diana': 86, 'Bob': 53}
2025-09-06 14:24:15 | INFO | Processed JSON message: {'message': 'I love Python!', 'author': 'Eve'}
2025-09-06 14:24:15 | INFO | Message received from author: Eve
2025-09-06 14:24:15 | INFO | Updated author counts: {'Eve': 57, 'Alice': 78, 'Charlie': 47, 'Diana': 86, 'Bob': 53}
2025-09-06 14:24:16 | INFO | Processed JSON message: {'message': 'JSON makes life easier.', 'author': 'Charlie'}
2025-09-06 14:24:16 | INFO | Message received from author: Charlie
2025-09-06 14:24:16 | INFO | Updated author counts: {'Eve': 57, 'Alice': 78, 'Charlie': 48, 'Diana': 86, 'Bob': 53}
2025-09-06 14:24:17 | INFO | Processed JSON message: {'message': 'Have a great day!', 'author': 'Bob'}
2025-09-06 14:24:17 | INFO | Message received from author: Bob
2025-09-06 14:24:17 | INFO | Updated author counts: {'Eve': 57, 'Alice': 78, 'Charlie': 48, 'Diana': 86, 'Bob': 54}
2025-09-06 14:24:18 | INFO | Processed JSON message: {'message': 'Data engineering is my passion.', 'author': 'Alice'}
2025-09-06 14:24:18 | INFO | Message received from author: Alice
2025-09-06 14:24:18 | INFO | Updated author counts: {'Eve': 57, 'Alice': 79, 'Charlie': 48, 'Diana': 86, 'Bob': 54}
2025-09-06 14:24:19 | INFO | Processed JSON message: {'message': 'Kafka is awesome.', 'author': 'Diana'}
2025-09-06 14:24:19 | INFO | Message received from author: Diana
2025-09-06 14:24:19 | INFO | Updated author counts: {'Eve': 57, 'Alice': 79, 'Charlie': 48, 'Diana': 87, 'Bob': 54}
2025-09-06 14:24:20 | INFO | Processed JSON message: {'message': 'Kafka is awesome.', 'author': 'Diana'}
2025-09-06 14:24:20 | INFO | Message received from author: Diana
2025-09-06 14:24:20 | INFO | Updated author counts: {'Eve': 57, 'Alice': 79, 'Charlie': 48, 'Diana': 88, 'Bob': 54}
2025-09-06 14:24:21 | INFO | Processed JSON message: {'message': 'Hello, Kafka world!', 'author': 'Bob'}
2025-09-06 14:24:21 | INFO | Message received from author: Bob
2025-09-06 14:24:21 | INFO | Updated author counts: {'Eve': 57, 'Alice': 79, 'Charlie': 48, 'Diana': 88, 'Bob': 55}
2025-09-06 14:24:22 | INFO | Processed JSON message: {'message': 'Distributed systems are fascinating.', 'author': 'Diana'}
2025-09-06 14:24:22 | INFO | Message received from author: Diana
2025-09-06 14:24:22 | INFO | Updated author counts: {'Eve': 57, 'Alice': 79, 'Charlie': 48, 'Diana': 89, 'Bob': 55}
2025-09-06 14:24:23 | INFO | Processed JSON message: {'message': 'I love Python!', 'author': 'Diana'}
2025-09-06 14:24:23 | INFO | Message received from author: Diana
2025-09-06 14:24:23 | INFO | Updated author counts: {'Eve': 57, 'Alice': 79, 'Charlie': 48, 'Diana': 90, 'Bob': 55}
2025-09-06 14:24:24 | INFO | Processed JSON message: {'message': 'Have a great day!', 'author': 'Alice'}
2025-09-06 14:24:24 | INFO | Message received from author: Alice
2025-09-06 14:24:24 | INFO | Updated author counts: {'Eve': 57, 'Alice': 80, 'Charlie': 48, 'Diana': 90, 'Bob': 55}
2025-09-06 14:24:25 | INFO | Processed JSON message: {'message': 'Hello, Kafka world!', 'author': 'Charlie'}
2025-09-06 14:24:25 | INFO | Message received from author: Charlie
2025-09-06 14:24:25 | INFO | Updated author counts: {'Eve': 57, 'Alice': 80, 'Charlie': 49, 'Diana': 90, 'Bob': 55}
2025-09-06 14:24:26 | INFO | Processed JSON message: {'message': 'JSON makes life easier.', 'author': 'Diana'}
2025-09-06 14:24:26 | INFO | Message received from author: Diana
2025-09-06 14:24:26 | INFO | Updated author counts: {'Eve': 57, 'Alice': 80, 'Charlie': 49, 'Diana': 91, 'Bob': 55}
2025-09-06 14:24:27 | INFO | Processed JSON message: {'message': 'I love Python!', 'author': 'Bob'}
2025-09-06 14:24:27 | INFO | Message received from author: Bob
2025-09-06 14:24:27 | INFO | Updated author counts: {'Eve': 57, 'Alice': 80, 'Charlie': 49, 'Diana': 91, 'Bob': 56}
2025-09-06 14:24:28 | INFO | Processed JSON message: {'message': 'Have a great day!', 'author': 'Diana'}
2025-09-06 14:24:28 | INFO | Message received from author: Diana
2025-09-06 14:24:28 | INFO | Updated author counts: {'Eve': 57, 'Alice': 80, 'Charlie': 49, 'Diana': 92, 'Bob': 56}
2025-09-06 14:24:29 | INFO | Processed JSON message: {'message': 'Hello, Kafka world!', 'author': 'Alice'}
2025-09-06 14:24:29 | INFO | Message received from author: Alice
2025-09-06 14:24:29 | INFO | Updated author counts: {'Eve': 57, 'Alice': 81, 'Charlie': 49, 'Diana': 92, 'Bob': 56}
2025-09-06 14:24:30 | INFO | Processed JSON message: {'message': 'JSON makes life easier.', 'author': 'Alice'}
2025-09-06 14:24:30 | INFO | Message received from author: Alice
2025-09-06 14:24:30 | INFO | Updated author counts: {'Eve': 57, 'Alice': 82, 'Charlie': 49, 'Diana': 92, 'Bob': 56}
2025-09-06 14:24:31 | INFO | Processed JSON message: {'message': 'Buzz messages for everyone.', 'author': 'Charlie'}
2025-09-06 14:24:31 | INFO | Message received from author: Charlie
2025-09-06 14:24:31 | INFO | Updated author counts: {'Eve': 57, 'Alice': 82, 'Charlie': 50, 'Diana': 92, 'Bob': 56}
2025-09-06 14:24:32 | INFO | Processed JSON message: {'message': 'Buzz messages for everyone.', 'author': 'Bob'}
2025-09-06 14:24:32 | INFO | Message received from author: Bob
2025-09-06 14:24:32 | INFO | Updated author counts: {'Eve': 57, 'Alice': 82, 'Charlie': 50, 'Diana': 92, 'Bob': 57}
2025-09-06 14:24:35 | INFO | Processed JSON message: {'message': 'Streaming data is fun.', 'author': 'Diana'}
2025-09-06 14:24:35 | INFO | Message received from author: Diana
2025-09-06 14:24:35 | INFO | Updated author counts: {'Eve': 57, 'Alice': 82, 'Charlie': 50, 'Diana': 93, 'Bob': 57}
2025-09-06 14:24:36 | INFO | Processed JSON message: {'message': 'Have a great day!', 'author': 'Diana'}
2025-09-06 14:24:36 | INFO | Message received from author: Diana
2025-09-06 14:24:36 | INFO | Updated author counts: {'Eve': 57, 'Alice': 82, 'Charlie': 50, 'Diana': 94, 'Bob': 57}
2025-09-06 14:24:37 | INFO | Processed JSON message: {'message': 'I love Python!', 'author': 'Alice'}
2025-09-06 14:24:37 | INFO | Message received from author: Alice
2025-09-06 14:24:37 | INFO | Updated author counts: {'Eve': 57, 'Alice': 83, 'Charlie': 50, 'Diana': 94, 'Bob': 57}
2025-09-06 14:24:38 | INFO | Processed JSON message: {'message': 'Streaming data is fun.', 'author': 'Charlie'}
2025-09-06 14:24:38 | INFO | Message received from author: Charlie
2025-09-06 14:24:38 | INFO | Updated author counts: {'Eve': 57, 'Alice': 83, 'Charlie': 51, 'Diana': 94, 'Bob': 57}
2025-09-06 14:24:39 | INFO | Processed JSON message: {'message': 'Kafka is awesome.', 'author': 'Alice'}
2025-09-06 14:24:39 | INFO | Message received from author: Alice
2025-09-06 14:24:39 | INFO | Updated author counts: {'Eve': 57, 'Alice': 84, 'Charlie': 51, 'Diana': 94, 'Bob': 57}
2025-09-06 14:24:40 | INFO | Processed JSON message: {'message': 'Kafka is awesome.', 'author': 'Diana'}
2025-09-06 14:24:40 | INFO | Message received from author: Diana
2025-09-06 14:24:40 | INFO | Updated author counts: {'Eve': 57, 'Alice': 84, 'Charlie': 51, 'Diana': 95, 'Bob': 57}
2025-09-06 14:24:41 | INFO | Processed JSON message: {'message': 'Kafka is awesome.', 'author': 'Alice'}
2025-09-06 14:24:41 | INFO | Message received from author: Alice
2025-09-06 14:24:41 | INFO | Updated author counts: {'Eve': 57, 'Alice': 85, 'Charlie': 51, 'Diana': 95, 'Bob': 57}
2025-09-06 14:24:42 | INFO | Processed JSON message: {'message': 'JSON makes life easier.', 'author': 'Bob'}
2025-09-06 14:24:42 | INFO | Message received from author: Bob
2025-09-06 14:24:42 | INFO | Updated author counts: {'Eve': 57, 'Alice': 85, 'Charlie': 51, 'Diana': 95, 'Bob': 58}
2025-09-06 14:24:43 | INFO | Processed JSON message: {'message': 'This is a buzz message.', 'author': 'Bob'}
2025-09-06 14:24:43 | INFO | Message received from author: Bob
2025-09-06 14:24:43 | INFO | Updated author counts: {'Eve': 57, 'Alice': 85, 'Charlie': 51, 'Diana': 95, 'Bob': 59}
2025-09-06 14:24:44 | INFO | Processed JSON message: {'message': 'Streaming data is fun.', 'author': 'Diana'}
2025-09-06 14:24:44 | INFO | Message received from author: Diana
2025-09-06 14:24:44 | INFO | Updated author counts: {'Eve': 57, 'Alice': 85, 'Charlie': 51, 'Diana': 96, 'Bob': 59}
2025-09-06 14:24:45 | INFO | Processed JSON message: {'message': 'Have a great day!', 'author': 'Bob'}
2025-09-06 14:24:45 | INFO | Message received from author: Bob
2025-09-06 14:24:45 | INFO | Updated author counts: {'Eve': 57, 'Alice': 85, 'Charlie': 51, 'Diana': 96, 'Bob': 60}
2025-09-06 14:24:46 | INFO | Processed JSON message: {'message': 'This is a buzz message.', 'author': 'Eve'}
2025-09-06 14:24:46 | INFO | Message received from author: Eve
2025-09-06 14:24:46 | INFO | Updated author counts: {'Eve': 58, 'Alice': 85, 'Charlie': 51, 'Diana': 96, 'Bob': 60}
2025-09-06 14:24:47 | INFO | Processed JSON message: {'message': 'Hello, Kafka world!', 'author': 'Bob'}
2025-09-06 14:24:47 | INFO | Message received from author: Bob
2025-09-06 14:24:47 | INFO | Updated author counts: {'Eve': 58, 'Alice': 85, 'Charlie': 51, 'Diana': 96, 'Bob': 61}
2025-09-06 14:24:48 | INFO | Processed JSON message: {'message': 'This is a buzz message.', 'author': 'Alice'}
2025-09-06 14:24:48 | INFO | Message received from author: Alice
2025-09-06 14:24:48 | INFO | Updated author counts: {'Eve': 58, 'Alice': 86, 'Charlie': 51, 'Diana': 96, 'Bob': 61}
2025-09-06 14:24:49 | INFO | Processed JSON message: {'message': 'Streaming data is fun.', 'author': 'Eve'}
2025-09-06 14:24:49 | INFO | Message received from author: Eve
2025-09-06 14:24:49 | INFO | Updated author counts: {'Eve': 59, 'Alice': 86, 'Charlie': 51, 'Diana': 96, 'Bob': 61}
2025-09-06 14:24:50 | INFO | Processed JSON message: {'message': 'Kafka is awesome.', 'author': 'Alice'}
2025-09-06 14:24:50 | INFO | Message received from author: Alice
2025-09-06 14:24:50 | INFO | Updated author counts: {'Eve': 59, 'Alice': 87, 'Charlie': 51, 'Diana': 96, 'Bob': 61}
2025-09-06 14:24:51 | INFO | Processed JSON message: {'message': 'JSON makes life easier.', 'author': 'Bob'}
2025-09-06 14:24:51 | INFO | Message received from author: Bob
2025-09-06 14:24:51 | INFO | Updated author counts: {'Eve': 59, 'Alice': 87, 'Charlie': 51, 'Diana': 96, 'Bob': 62}
2025-09-06 14:24:52 | INFO | Processed JSON message: {'message': 'This is a buzz message.', 'author': 'Charlie'}
2025-09-06 14:24:52 | INFO | Message received from author: Charlie
2025-09-06 14:24:52 | INFO | Updated author counts: {'Eve': 59, 'Alice': 87, 'Charlie': 52, 'Diana': 96, 'Bob': 62}
2025-09-06 14:24:53 | INFO | Processed JSON message: {'message': 'Have a great day!', 'author': 'Diana'}
2025-09-06 14:24:53 | INFO | Message received from author: Diana
2025-09-06 14:24:53 | INFO | Updated author counts: {'Eve': 59, 'Alice': 87, 'Charlie': 52, 'Diana': 97, 'Bob': 62}
2025-09-06 14:24:54 | INFO | Processed JSON message: {'message': 'Distributed systems are fascinating.', 'author': 'Bob'}
2025-09-06 14:24:54 | INFO | Message received from author: Bob
2025-09-06 14:24:54 | INFO | Updated author counts: {'Eve': 59, 'Alice': 87, 'Charlie': 52, 'Diana': 97, 'Bob': 63}
2025-09-06 14:24:55 | INFO | Processed JSON message: {'message': 'Kafka is awesome.', 'author': 'Alice'}
2025-09-06 14:24:55 | INFO | Message received from author: Alice
2025-09-06 14:24:55 | INFO | Updated author counts: {'Eve': 59, 'Alice': 88, 'Charlie': 52, 'Diana': 97, 'Bob': 63}
2025-09-06 14:24:56 | INFO | Processed JSON message: {'message': 'Streaming data is fun.', 'author': 'Alice'}
2025-09-06 14:24:56 | INFO | Message received from author: Alice
2025-09-06 14:24:56 | INFO | Updated author counts: {'Eve': 59, 'Alice': 89, 'Charlie': 52, 'Diana': 97, 'Bob': 63}
2025-09-06 14:24:57 | INFO | Processed JSON message: {'message': 'Have a great day!', 'author': 'Diana'}
2025-09-06 14:24:57 | INFO | Message received from author: Diana
2025-09-06 14:24:57 | INFO | Updated author counts: {'Eve': 59, 'Alice': 89, 'Charlie': 52, 'Diana': 98, 'Bob': 63}
2025-09-06 14:24:58 | INFO | Processed JSON message: {'message': 'Streaming data is fun.', 'author': 'Alice'}
2025-09-06 14:24:58 | INFO | Message received from author: Alice
2025-09-06 14:24:58 | INFO | Updated author counts: {'Eve': 59, 'Alice': 90, 'Charlie': 52, 'Diana': 98, 'Bob': 63}
2025-09-06 14:24:59 | INFO | Processed JSON message: {'message': 'This is a buzz message.', 'author': 'Diana'}
2025-09-06 14:24:59 | INFO | Message received from author: Diana
2025-09-06 14:24:59 | INFO | Updated author counts: {'Eve': 59, 'Alice': 90, 'Charlie': 52, 'Diana': 99, 'Bob': 63}
2025-09-06 14:25:00 | INFO | Processed JSON message: {'message': 'Data engineering is my passion.', 'author': 'Bob'}
2025-09-06 14:25:00 | INFO | Message received from author: Bob
2025-09-06 14:25:00 | INFO | Updated author counts: {'Eve': 59, 'Alice': 90, 'Charlie': 52, 'Diana': 99, 'Bob': 64}
2025-09-06 14:25:01 | INFO | Processed JSON message: {'message': 'Have a great day!', 'author': 'Diana'}
2025-09-06 14:25:01 | INFO | Message received from author: Diana
2025-09-06 14:25:01 | INFO | Updated author counts: {'Eve': 59, 'Alice': 90, 'Charlie': 52, 'Diana': 100, 'Bob': 64}
2025-09-06 14:25:02 | INFO | Processed JSON message: {'message': 'Kafka is awesome.', 'author': 'Alice'}
2025-09-06 14:25:02 | INFO | Message received from author: Alice
2025-09-06 14:25:02 | INFO | Updated author counts: {'Eve': 59, 'Alice': 91, 'Charlie': 52, 'Diana': 100, 'Bob': 64}
2025-09-06 14:25:03 | INFO | Processed JSON message: {'message': 'Kafka is awesome.', 'author': 'Eve'}
2025-09-06 14:25:03 | INFO | Message received from author: Eve
2025-09-06 14:25:03 | INFO | Updated author counts: {'Eve': 60, 'Alice': 91, 'Charlie': 52, 'Diana': 100, 'Bob': 64}
2025-09-06 14:25:04 | INFO | Processed JSON message: {'message': 'Have a great day!', 'author': 'Diana'}
2025-09-06 14:25:04 | INFO | Message received from author: Diana
2025-09-06 14:25:04 | INFO | Updated author counts: {'Eve': 60, 'Alice': 91, 'Charlie': 52, 'Diana': 101, 'Bob': 64}
2025-09-06 14:25:05 | INFO | Processed JSON message: {'message': 'Buzz messages for everyone.', 'author': 'Charlie'}
2025-09-06 14:25:05 | INFO | Message received from author: Charlie
2025-09-06 14:25:05 | INFO | Updated author counts: {'Eve': 60, 'Alice': 91, 'Charlie': 53, 'Diana': 101, 'Bob': 64}
2025-09-06 14:25:06 | INFO | Processed JSON message: {'message': 'This is a buzz message.', 'author': 'Charlie'}
2025-09-06 14:25:06 | INFO | Message received from author: Charlie
2025-09-06 14:25:06 | INFO | Updated author counts: {'Eve': 60, 'Alice': 91, 'Charlie': 54, 'Diana': 101, 'Bob': 64}
2025-09-06 14:25:08 | INFO | Processed JSON message: {'message': 'Streaming data is fun.', 'author': 'Alice'}
2025-09-06 14:25:08 | INFO | Message received from author: Alice
2025-09-06 14:25:08 | INFO | Updated author counts: {'Eve': 60, 'Alice': 92, 'Charlie': 54, 'Diana': 101, 'Bob': 64}
2025-09-06 14:25:09 | INFO | Processed JSON message: {'message': 'Hello, Kafka world!', 'author': 'Diana'}
2025-09-06 14:25:09 | INFO | Message received from author: Diana
2025-09-06 14:25:09 | INFO | Updated author counts: {'Eve': 60, 'Alice': 92, 'Charlie': 54, 'Diana': 102, 'Bob': 64}
2025-09-06 14:25:10 | INFO | Processed JSON message: {'message': 'Kafka is awesome.', 'author': 'Bob'}
2025-09-06 14:25:10 | INFO | Message received from author: Bob
2025-09-06 14:25:10 | INFO | Updated author counts: {'Eve': 60, 'Alice': 92, 'Charlie': 54, 'Diana': 102, 'Bob': 65}
2025-09-06 14:25:11 | INFO | Processed JSON message: {'message': 'I love Python!', 'author': 'Eve'}
2025-09-06 14:25:11 | INFO | Message received from author: Eve
2025-09-06 14:25:11 | INFO | Updated author counts: {'Eve': 61, 'Alice': 92, 'Charlie': 54, 'Diana': 102, 'Bob': 65}
2025-09-06 14:25:12 | INFO | Processed JSON message: {'message': 'JSON makes life easier.', 'author': 'Charlie'}
2025-09-06 14:25:12 | INFO | Message received from author: Charlie
2025-09-06 14:25:12 | INFO | Updated author counts: {'Eve': 61, 'Alice': 92, 'Charlie': 55, 'Diana': 102, 'Bob': 65}
2025-09-06 14:25:13 | INFO | Processed JSON message: {'message': 'I love Python!', 'author': 'Charlie'}
2025-09-06 14:25:13 | INFO | Message received from author: Charlie
2025-09-06 14:25:13 | INFO | Updated author counts: {'Eve': 61, 'Alice': 92, 'Charlie': 56, 'Diana': 102, 'Bob': 65}
2025-09-06 14:25:14 | INFO | Processed JSON message: {'message': 'I love Python!', 'author': 'Charlie'}
2025-09-06 14:25:14 | INFO | Message received from author: Charlie
2025-09-06 14:25:14 | INFO | Updated author counts: {'Eve': 61, 'Alice': 92, 'Charlie': 57, 'Diana': 102, 'Bob': 65}
2025-09-06 14:25:15 | INFO | Processed JSON message: {'message': 'I love Python!', 'author': 'Diana'}
2025-09-06 14:25:15 | INFO | Message received from author: Diana
2025-09-06 14:25:15 | INFO | Updated author counts: {'Eve': 61, 'Alice': 92, 'Charlie': 57, 'Diana': 103, 'Bob': 65}
2025-09-06 14:25:16 | INFO | Processed JSON message: {'message': 'Streaming data is fun.', 'author': 'Diana'}
2025-09-06 14:25:16 | INFO | Message received from author: Diana
2025-09-06 14:25:16 | INFO | Updated author counts: {'Eve': 61, 'Alice': 92, 'Charlie': 57, 'Diana': 104, 'Bob': 65}
2025-09-06 14:25:17 | INFO | Processed JSON message: {'message': 'Data engineering is my passion.', 'author': 'Eve'}
2025-09-06 14:25:17 | INFO | Message received from author: Eve
2025-09-06 14:25:17 | INFO | Updated author counts: {'Eve': 62, 'Alice': 92, 'Charlie': 57, 'Diana': 104, 'Bob': 65}
2025-09-06 14:25:18 | INFO | Processed JSON message: {'message': 'Buzz messages for everyone.', 'author': 'Eve'}
2025-09-06 14:25:18 | INFO | Message received from author: Eve
2025-09-06 14:25:18 | INFO | Updated author counts: {'Eve': 63, 'Alice': 92, 'Charlie': 57, 'Diana': 104, 'Bob': 65}
2025-09-06 14:25:19 | INFO | Processed JSON message: {'message': 'JSON makes life easier.', 'author': 'Eve'}
2025-09-06 14:25:19 | INFO | Message received from author: Eve
2025-09-06 14:25:19 | INFO | Updated author counts: {'Eve': 64, 'Alice': 92, 'Charlie': 57, 'Diana': 104, 'Bob': 65}
2025-09-06 14:25:20 | INFO | Processed JSON message: {'message': 'Have a great day!', 'author': 'Alice'}
2025-09-06 14:25:20 | INFO | Message received from author: Alice
2025-09-06 14:25:20 | INFO | Updated author counts: {'Eve': 64, 'Alice': 93, 'Charlie': 57, 'Diana': 104, 'Bob': 65}
2025-09-06 14:25:21 | INFO | Processed JSON message: {'message': 'I love Python!', 'author': 'Bob'}
2025-09-06 14:25:21 | INFO | Message received from author: Bob
2025-09-06 14:25:21 | INFO | Updated author counts: {'Eve': 64, 'Alice': 93, 'Charlie': 57, 'Diana': 104, 'Bob': 66}
2025-09-06 14:25:22 | INFO | Processed JSON message: {'message': 'I love Python!', 'author': 'Bob'}
2025-09-06 14:25:22 | INFO | Message received from author: Bob
2025-09-06 14:25:22 | INFO | Updated author counts: {'Eve': 64, 'Alice': 93, 'Charlie': 57, 'Diana': 104, 'Bob': 67}
2025-09-06 14:25:23 | INFO | Processed JSON message: {'message': 'This is a buzz message.', 'author': 'Eve'}
2025-09-06 14:25:23 | INFO | Message received from author: Eve
2025-09-06 14:25:23 | INFO | Updated author counts: {'Eve': 65, 'Alice': 93, 'Charlie': 57, 'Diana': 104, 'Bob': 67}
2025-09-06 14:25:24 | INFO | Processed JSON message: {'message': 'This is a buzz message.', 'author': 'Alice'}
2025-09-06 14:25:24 | INFO | Message received from author: Alice
2025-09-06 14:25:24 | INFO | Updated author counts: {'Eve': 65, 'Alice': 94, 'Charlie': 57, 'Diana': 104, 'Bob': 67}
2025-09-06 14:25:25 | INFO | Processed JSON message: {'message': 'Distributed systems are fascinating.', 'author': 'Diana'}
2025-09-06 14:25:25 | INFO | Message received from author: Diana
2025-09-06 14:25:25 | INFO | Updated author counts: {'Eve': 65, 'Alice': 94, 'Charlie': 57, 'Diana': 105, 'Bob': 67}
2025-09-06 14:25:26 | INFO | Processed JSON message: {'message': 'Streaming data is fun.', 'author': 'Eve'}
2025-09-06 14:25:26 | INFO | Message received from author: Eve
2025-09-06 14:25:26 | INFO | Updated author counts: {'Eve': 66, 'Alice': 94, 'Charlie': 57, 'Diana': 105, 'Bob': 67}
2025-09-06 14:25:27 | INFO | Processed JSON message: {'message': 'Have a great day!', 'author': 'Charlie'}
2025-09-06 14:25:27 | INFO | Message received from author: Charlie
2025-09-06 14:25:27 | INFO | Updated author counts: {'Eve': 66, 'Alice': 94, 'Charlie': 58, 'Diana': 105, 'Bob': 67}
2025-09-06 14:25:28 | INFO | Processed JSON message: {'message': 'JSON makes life easier.', 'author': 'Eve'}
2025-09-06 14:25:28 | INFO | Message received from author: Eve
2025-09-06 14:25:28 | INFO | Updated author counts: {'Eve': 67, 'Alice': 94, 'Charlie': 58, 'Diana': 105, 'Bob': 67}
2025-09-06 14:25:29 | INFO | Processed JSON message: {'message': 'Buzz messages for everyone.', 'author': 'Diana'}
2025-09-06 14:25:29 | INFO | Message received from author: Diana
2025-09-06 14:25:29 | INFO | Updated author counts: {'Eve': 67, 'Alice': 94, 'Charlie': 58, 'Diana': 106, 'Bob': 67}
2025-09-06 14:25:30 | INFO | Processed JSON message: {'message': 'This is a buzz message.', 'author': 'Charlie'}
2025-09-06 14:25:30 | INFO | Message received from author: Charlie
2025-09-06 14:25:30 | INFO | Updated author counts: {'Eve': 67, 'Alice': 94, 'Charlie': 59, 'Diana': 106, 'Bob': 67}
2025-09-06 14:25:31 | INFO | Processed JSON message: {'message': 'Distributed systems are fascinating.', 'author': 'Charlie'}
2025-09-06 14:25:31 | INFO | Message received from author: Charlie
2025-09-06 14:25:31 | INFO | Updated author counts: {'Eve': 67, 'Alice': 94, 'Charlie': 60, 'Diana': 106, 'Bob': 67}
2025-09-06 14:25:32 | INFO | Processed JSON message: {'message': 'Buzz messages for everyone.', 'author': 'Bob'}
2025-09-06 14:25:32 | INFO | Message received from author: Bob
2025-09-06 14:25:32 | INFO | Updated author counts: {'Eve': 67, 'Alice': 94, 'Charlie': 60, 'Diana': 106, 'Bob': 68}
2025-09-06 14:25:33 | INFO | Processed JSON message: {'message': 'This is a buzz message.', 'author': 'Eve'}
2025-09-06 14:25:33 | INFO | Message received from author: Eve
2025-09-06 14:25:33 | INFO | Updated author counts: {'Eve': 68, 'Alice': 94, 'Charlie': 60, 'Diana': 106, 'Bob': 68}
2025-09-06 14:25:34 | INFO | Processed JSON message: {'message': 'Data engineering is my passion.', 'author': 'Diana'}
2025-09-06 14:25:34 | INFO | Message received from author: Diana
2025-09-06 14:25:34 | INFO | Updated author counts: {'Eve': 68, 'Alice': 94, 'Charlie': 60, 'Diana': 107, 'Bob': 68}
2025-09-06 14:25:35 | INFO | Processed JSON message: {'message': 'Data engineering is my passion.', 'author': 'Alice'}
2025-09-06 14:25:35 | INFO | Message received from author: Alice
2025-09-06 14:25:35 | INFO | Updated author counts: {'Eve': 68, 'Alice': 95, 'Charlie': 60, 'Diana': 107, 'Bob': 68}
2025-09-06 14:25:36 | INFO | Processed JSON message: {'message': 'Buzz messages for everyone.', 'author': 'Diana'}
2025-09-06 14:25:36 | INFO | Message received from author: Diana
2025-09-06 14:25:36 | INFO | Updated author counts: {'Eve': 68, 'Alice': 95, 'Charlie': 60, 'Diana': 108, 'Bob': 68}
2025-09-06 14:25:37 | INFO | Processed JSON message: {'message': 'JSON makes life easier.', 'author': 'Alice'}
2025-09-06 14:25:37 | INFO | Message received from author: Alice
2025-09-06 14:25:37 | INFO | Updated author counts: {'Eve': 68, 'Alice': 96, 'Charlie': 60, 'Diana': 108, 'Bob': 68}
2025-09-06 14:25:38 | INFO | Processed JSON message: {'message': 'Data engineering is my passion.', 'author': 'Eve'}
2025-09-06 14:25:38 | INFO | Message received from author: Eve
2025-09-06 14:25:38 | INFO | Updated author counts: {'Eve': 69, 'Alice': 96, 'Charlie': 60, 'Diana': 108, 'Bob': 68}
2025-09-06 14:25:39 | INFO | Processed JSON message: {'message': 'Distributed systems are fascinating.', 'author': 'Alice'}
2025-09-06 14:25:39 | INFO | Message received from author: Alice
2025-09-06 14:25:39 | INFO | Updated author counts: {'Eve': 69, 'Alice': 97, 'Charlie': 60, 'Diana': 108, 'Bob': 68}
2025-09-06 14:25:40 | INFO | Processed JSON message: {'message': 'Have a great day!', 'author': 'Charlie'}
2025-09-06 14:25:40 | INFO | Message received from author: Charlie
2025-09-06 14:25:40 | INFO | Updated author counts: {'Eve': 69, 'Alice': 97, 'Charlie': 61, 'Diana': 108, 'Bob': 68}
2025-09-06 14:25:41 | INFO | Processed JSON message: {'message': 'Data engineering is my passion.', 'author': 'Alice'}
2025-09-06 14:25:41 | INFO | Message received from author: Alice
2025-09-06 14:25:41 | INFO | Updated author counts: {'Eve': 69, 'Alice': 98, 'Charlie': 61, 'Diana': 108, 'Bob': 68}
2025-09-06 14:25:42 | INFO | Processed JSON message: {'message': 'Distributed systems are fascinating.', 'author': 'Diana'}
2025-09-06 14:25:42 | INFO | Message received from author: Diana
2025-09-06 14:25:42 | INFO | Updated author counts: {'Eve': 69, 'Alice': 98, 'Charlie': 61, 'Diana': 109, 'Bob': 68}
2025-09-06 14:25:43 | INFO | Processed JSON message: {'message': 'Buzz messages for everyone.', 'author': 'Alice'}
2025-09-06 14:25:43 | INFO | Message received from author: Alice
2025-09-06 14:25:43 | INFO | Updated author counts: {'Eve': 69, 'Alice': 99, 'Charlie': 61, 'Diana': 109, 'Bob': 68}
2025-09-06 14:25:44 | INFO | Processed JSON message: {'message': 'Hello, Kafka world!', 'author': 'Diana'}
2025-09-06 14:25:44 | INFO | Message received from author: Diana
2025-09-06 14:25:44 | INFO | Updated author counts: {'Eve': 69, 'Alice': 99, 'Charlie': 61, 'Diana': 110, 'Bob': 68}
2025-09-06 14:25:45 | INFO | Processed JSON message: {'message': 'This is a buzz message.', 'author': 'Eve'}
2025-09-06 14:25:45 | INFO | Message received from author: Eve
2025-09-06 14:25:45 | INFO | Updated author counts: {'Eve': 70, 'Alice': 99, 'Charlie': 61, 'Diana': 110, 'Bob': 68}
2025-09-06 14:25:46 | INFO | Processed JSON message: {'message': 'JSON makes life easier.', 'author': 'Eve'}
2025-09-06 14:25:46 | INFO | Message received from author: Eve
2025-09-06 14:25:46 | INFO | Updated author counts: {'Eve': 71, 'Alice': 99, 'Charlie': 61, 'Diana': 110, 'Bob': 68}
2025-09-06 14:25:47 | INFO | Processed JSON message: {'message': 'JSON makes life easier.', 'author': 'Alice'}
2025-09-06 14:25:47 | INFO | Message received from author: Alice
2025-09-06 14:25:47 | INFO | Updated author counts: {'Eve': 71, 'Alice': 100, 'Charlie': 61, 'Diana': 110, 'Bob': 68}
2025-09-06 14:25:48 | INFO | Processed JSON message: {'message': 'Data engineering is my passion.', 'author': 'Diana'}
2025-09-06 14:25:48 | INFO | Message received from author: Diana
2025-09-06 14:25:48 | INFO | Updated author counts: {'Eve': 71, 'Alice': 100, 'Charlie': 61, 'Diana': 111, 'Bob': 68}
2025-09-06 14:25:49 | INFO | Processed JSON message: {'message': 'JSON makes life easier.', 'author': 'Diana'}
2025-09-06 14:25:49 | INFO | Message received from author: Diana
2025-09-06 14:25:49 | INFO | Updated author counts: {'Eve': 71, 'Alice': 100, 'Charlie': 61, 'Diana': 112, 'Bob': 68}
2025-09-06 14:25:50 | INFO | Processed JSON message: {'message': 'Kafka is awesome.', 'author': 'Charlie'}
2025-09-06 14:25:50 | INFO | Message received from author: Charlie
2025-09-06 14:25:50 | INFO | Updated author counts: {'Eve': 71, 'Alice': 100, 'Charlie': 62, 'Diana': 112, 'Bob': 68}
2025-09-06 14:25:51 | INFO | Processed JSON message: {'message': 'JSON makes life easier.', 'author': 'Bob'}
2025-09-06 14:25:51 | INFO | Message received from author: Bob
2025-09-06 14:25:51 | INFO | Updated author counts: {'Eve': 71, 'Alice': 100, 'Charlie': 62, 'Diana': 112, 'Bob': 69}
2025-09-06 14:25:52 | INFO | Processed JSON message: {'message': 'I love Python!', 'author': 'Bob'}
2025-09-06 14:25:52 | INFO | Message received from author: Bob
2025-09-06 14:25:52 | INFO | Updated author counts: {'Eve': 71, 'Alice': 100, 'Charlie': 62, 'Diana': 112, 'Bob': 70}
2025-09-06 14:25:53 | INFO | Processed JSON message: {'message': 'This is a buzz message.', 'author': 'Eve'}
2025-09-06 14:25:53 | INFO | Message received from author: Eve
2025-09-06 14:25:53 | INFO | Updated author counts: {'Eve': 72, 'Alice': 100, 'Charlie': 62, 'Diana': 112, 'Bob': 70}
2025-09-06 14:25:54 | INFO | Processed JSON message: {'message': 'I love Python!', 'author': 'Eve'}
2025-09-06 14:25:54 | INFO | Message received from author: Eve
2025-09-06 14:25:54 | INFO | Updated author counts: {'Eve': 73, 'Alice': 100, 'Charlie': 62, 'Diana': 112, 'Bob': 70}
2025-09-06 14:25:55 | INFO | Processed JSON message: {'message': 'Buzz messages for everyone.', 'author': 'Alice'}
2025-09-06 14:25:55 | INFO | Message received from author: Alice
2025-09-06 14:25:55 | INFO | Updated author counts: {'Eve': 73, 'Alice': 101, 'Charlie': 62, 'Diana': 112, 'Bob': 70}
2025-09-06 14:25:58 | INFO | Processed JSON message: {'message': 'This is a buzz message.', 'author': 'Alice'}
2025-09-06 14:25:58 | INFO | Message received from author: Alice
2025-09-06 14:25:58 | INFO | Updated author counts: {'Eve': 73, 'Alice': 102, 'Charlie': 62, 'Diana': 112, 'Bob': 70}
2025-09-06 14:25:59 | INFO | Processed JSON message: {'message': 'Data engineering is my passion.', 'author': 'Diana'}
2025-09-06 14:25:59 | INFO | Message received from author: Diana
2025-09-06 14:25:59 | INFO | Updated author counts: {'Eve': 73, 'Alice': 102, 'Charlie': 62, 'Diana': 113, 'Bob': 70}
2025-09-06 14:26:00 | INFO | Processed JSON message: {'message': 'I love Python!', 'author': 'Eve'}
2025-09-06 14:26:00 | INFO | Message received from author: Eve
2025-09-06 14:26:00 | INFO | Updated author counts: {'Eve': 74, 'Alice': 102, 'Charlie': 62, 'Diana': 113, 'Bob': 70}
2025-09-06 14:26:01 | INFO | Processed JSON message: {'message': 'JSON makes life easier.', 'author': 'Charlie'}
2025-09-06 14:26:01 | INFO | Message received from author: Charlie
2025-09-06 14:26:01 | INFO | Updated author counts: {'Eve': 74, 'Alice': 102, 'Charlie': 63, 'Diana': 113, 'Bob': 70}
2025-09-06 14:26:02 | INFO | Processed JSON message: {'message': 'Have a great day!', 'author': 'Bob'}
2025-09-06 14:26:02 | INFO | Message received from author: Bob
2025-09-06 14:26:02 | INFO | Updated author counts: {'Eve': 74, 'Alice': 102, 'Charlie': 63, 'Diana': 113, 'Bob': 71}
2025-09-06 14:26:03 | INFO | Processed JSON message: {'message': 'Data engineering is my passion.', 'author': 'Alice'}
2025-09-06 14:26:03 | INFO | Message received from author: Alice
2025-09-06 14:26:03 | INFO | Updated author counts: {'Eve': 74, 'Alice': 103, 'Charlie': 63, 'Diana': 113, 'Bob': 71}
2025-09-06 14:26:04 | INFO | Processed JSON message: {'message': 'Kafka is awesome.', 'author': 'Diana'}
2025-09-06 14:26:04 | INFO | Message received from author: Diana
2025-09-06 14:26:04 | INFO | Updated author counts: {'Eve': 74, 'Alice': 103, 'Charlie': 63, 'Diana': 114, 'Bob': 71}
2025-09-06 14:26:05 | INFO | Processed JSON message: {'message': 'Kafka is awesome.', 'author': 'Diana'}
2025-09-06 14:26:05 | INFO | Message received from author: Diana
2025-09-06 14:26:05 | INFO | Updated author counts: {'Eve': 74, 'Alice': 103, 'Charlie': 63, 'Diana': 115, 'Bob': 71}
2025-09-06 14:26:06 | INFO | Processed JSON message: {'message': 'Hello, Kafka world!', 'author': 'Bob'}
2025-09-06 14:26:06 | INFO | Message received from author: Bob
2025-09-06 14:26:06 | INFO | Updated author counts: {'Eve': 74, 'Alice': 103, 'Charlie': 63, 'Diana': 115, 'Bob': 72}
2025-09-06 14:26:07 | INFO | Processed JSON message: {'message': 'Distributed systems are fascinating.', 'author': 'Diana'}
2025-09-06 14:26:07 | INFO | Message received from author: Diana
2025-09-06 14:26:07 | INFO | Updated author counts: {'Eve': 74, 'Alice': 103, 'Charlie': 63, 'Diana': 116, 'Bob': 72}
2025-09-06 14:26:08 | INFO | Processed JSON message: {'message': 'I love Python!', 'author': 'Diana'}
2025-09-06 14:26:08 | INFO | Message received from author: Diana
2025-09-06 14:26:08 | INFO | Updated author counts: {'Eve': 74, 'Alice': 103, 'Charlie': 63, 'Diana': 117, 'Bob': 72}
2025-09-06 14:26:09 | INFO | Processed JSON message: {'message': 'Have a great day!', 'author': 'Alice'}
2025-09-06 14:26:09 | INFO | Message received from author: Alice
2025-09-06 14:26:09 | INFO | Updated author counts: {'Eve': 74, 'Alice': 104, 'Charlie': 63, 'Diana': 117, 'Bob': 72}
2025-09-06 14:26:10 | INFO | Processed JSON message: {'message': 'Hello, Kafka world!', 'author': 'Charlie'}
2025-09-06 14:26:10 | INFO | Message received from author: Charlie
2025-09-06 14:26:10 | INFO | Updated author counts: {'Eve': 74, 'Alice': 104, 'Charlie': 64, 'Diana': 117, 'Bob': 72}
2025-09-06 14:26:11 | INFO | Processed JSON message: {'message': 'JSON makes life easier.', 'author': 'Diana'}
2025-09-06 14:26:11 | INFO | Message received from author: Diana
2025-09-06 14:26:11 | INFO | Updated author counts: {'Eve': 74, 'Alice': 104, 'Charlie': 64, 'Diana': 118, 'Bob': 72}
2025-09-06 14:26:12 | INFO | Processed JSON message: {'message': 'I love Python!', 'author': 'Bob'}
2025-09-06 14:26:12 | INFO | Message received from author: Bob
2025-09-06 14:26:12 | INFO | Updated author counts: {'Eve': 74, 'Alice': 104, 'Charlie': 64, 'Diana': 118, 'Bob': 73}
2025-09-06 14:26:13 | INFO | Processed JSON message: {'message': 'Have a great day!', 'author': 'Diana'}
2025-09-06 14:26:13 | INFO | Message received from author: Diana
2025-09-06 14:26:13 | INFO | Updated author counts: {'Eve': 74, 'Alice': 104, 'Charlie': 64, 'Diana': 119, 'Bob': 73}
2025-09-06 14:26:14 | INFO | Processed JSON message: {'message': 'Hello, Kafka world!', 'author': 'Alice'}
2025-09-06 14:26:14 | INFO | Message received from author: Alice
2025-09-06 14:26:14 | INFO | Updated author counts: {'Eve': 74, 'Alice': 105, 'Charlie': 64, 'Diana': 119, 'Bob': 73}
2025-09-06 14:26:15 | INFO | Processed JSON message: {'message': 'JSON makes life easier.', 'author': 'Alice'}
2025-09-06 14:26:15 | INFO | Message received from author: Alice
2025-09-06 14:26:15 | INFO | Updated author counts: {'Eve': 74, 'Alice': 106, 'Charlie': 64, 'Diana': 119, 'Bob': 73}
2025-09-06 14:26:16 | INFO | Processed JSON message: {'message': 'Buzz messages for everyone.', 'author': 'Charlie'}
2025-09-06 14:26:16 | INFO | Message received from author: Charlie
2025-09-06 14:26:16 | INFO | Updated author counts: {'Eve': 74, 'Alice': 106, 'Charlie': 65, 'Diana': 119, 'Bob': 73}
2025-09-06 14:26:17 | INFO | Processed JSON message: {'message': 'Buzz messages for everyone.', 'author': 'Bob'}
2025-09-06 14:26:17 | INFO | Message received from author: Bob
2025-09-06 14:26:17 | INFO | Updated author counts: {'Eve': 74, 'Alice': 106, 'Charlie': 65, 'Diana': 119, 'Bob': 74}
